<?xml version="1.0" encoding="UTF-8"?>
<!-- Generated by org.testng.reporters.JUnitReportReporter -->
<testsuite skipped="0" hostname="Tundes-MacBook-Air.local" name="get.Resources" tests="3" failures="0" timestamp="2022-10-22T13:57:54 CDT" time="23.911" errors="0">
  <testcase name="singleResourceTest" time="9.831" classname="get.Resources"/>
  <system-out/>
  <testcase name="listResourcesTest" time="3.692" classname="get.Resources"/>
  <system-out/>
  <testcase name="resourceNotFoundTest" time="10.388" classname="get.Resources"/>
  <system-out/>
</testsuite> <!-- get.Resources -->
