<?xml version="1.0" encoding="UTF-8"?>
<!-- Generated by org.testng.reporters.JUnitReportReporter -->
<testsuite skipped="0" hostname="Tundes-MacBook-Air.local" name="get.Users" tests="3" failures="0" timestamp="2022-10-22T13:57:54 CDT" time="12.827" errors="0">
  <testcase name="listUsersTest" time="1.637" classname="get.Users"/>
  <system-out/>
  <testcase name="userNotFoundTest" time="0.733" classname="get.Users"/>
  <system-out/>
  <testcase name="singleUserTest" time="10.457" classname="get.Users"/>
  <system-out/>
</testsuite> <!-- get.Users -->
