<?xml version="1.0" encoding="UTF-8"?>
<!-- Generated by org.testng.reporters.JUnitReportReporter -->
<testsuite skipped="0" hostname="Tundes-MacBook-Air.local" name="get.Users" tests="3" failures="0" timestamp="2022-10-22T20:09:05 CDT" time="5.732" errors="0">
  <testcase name="listUsersTest" time="0.570" classname="get.Users"/>
  <system-out/>
  <testcase name="singleUserTest" time="4.670" classname="get.Users"/>
  <system-out/>
  <testcase name="userNotFoundTest" time="0.492" classname="get.Users"/>
  <system-out/>
</testsuite> <!-- get.Users -->
