<?xml version="1.0" encoding="UTF-8"?>
<!-- Generated by org.testng.reporters.JUnitReportReporter -->
<testsuite skipped="0" hostname="Tundes-MacBook-Air.local" name="get.Resources" tests="3" failures="0" timestamp="2022-10-22T20:09:05 CDT" time="9.569" errors="0">
  <testcase name="singleResourceTest" time="5.477" classname="get.Resources"/>
  <system-out/>
  <testcase name="resourceNotFoundTest" time="0.630" classname="get.Resources"/>
  <system-out/>
  <testcase name="listResourcesTest" time="3.462" classname="get.Resources"/>
  <system-out/>
</testsuite> <!-- get.Resources -->
